[2020-09-01 03:33:02,133] DEBUG    Starting new HTTPS connection (1): bbs.byr.cn:443
/root/anaconda3/lib/python3.7/site-packages/urllib3/connectionpool.py:857: InsecureRequestWarning: Unverified HTTPS request is being made. Adding certificate verification is strongly advised. See: https://urllib3.readthedocs.io/en/latest/advanced-usage.html#ssl-warnings
  InsecureRequestWarning)
[2020-09-01 03:33:02,212] DEBUG    https://bbs.byr.cn:443 "POST /user/ajax_login.json HTTP/1.1" 200 None
[2020-09-01 03:33:02,214] INFO     LOGIN_SUCC
/root/anaconda3/lib/python3.7/site-packages/urllib3/connectionpool.py:857: InsecureRequestWarning: Unverified HTTPS request is being made. Adding certificate verification is strongly advised. See: https://urllib3.readthedocs.io/en/latest/advanced-usage.html#ssl-warnings
  InsecureRequestWarning)
[2020-09-01 03:33:02,322] DEBUG    https://bbs.byr.cn:443 "GET /default?_uid=onchanging HTTP/1.1" 200 None
[2020-09-01 03:33:02,325] INFO     SPIDER_SUCC
[2020-09-01 03:33:02,333] INFO     PARSE_SUCC
/root/anaconda3/lib/python3.7/site-packages/urllib3/connectionpool.py:857: InsecureRequestWarning: Unverified HTTPS request is being made. Adding certificate verification is strongly advised. See: https://urllib3.readthedocs.io/en/latest/advanced-usage.html#ssl-warnings
  InsecureRequestWarning)
[2020-09-01 03:33:02,499] DEBUG    https://bbs.byr.cn:443 "GET /article/Talking/6220006 HTTP/1.1" 200 None
/root/anaconda3/lib/python3.7/site-packages/urllib3/connectionpool.py:857: InsecureRequestWarning: Unverified HTTPS request is being made. Adding certificate verification is strongly advised. See: https://urllib3.readthedocs.io/en/latest/advanced-usage.html#ssl-warnings
  InsecureRequestWarning)
[2020-09-01 03:33:02,686] DEBUG    https://bbs.byr.cn:443 "GET /article/Picture/3261804 HTTP/1.1" 200 None
/root/anaconda3/lib/python3.7/site-packages/urllib3/connectionpool.py:857: InsecureRequestWarning: Unverified HTTPS request is being made. Adding certificate verification is strongly advised. See: https://urllib3.readthedocs.io/en/latest/advanced-usage.html#ssl-warnings
  InsecureRequestWarning)
[2020-09-01 03:33:02,754] DEBUG    https://bbs.byr.cn:443 "GET /article/Friends/1970286 HTTP/1.1" 200 None
/root/anaconda3/lib/python3.7/site-packages/urllib3/connectionpool.py:857: InsecureRequestWarning: Unverified HTTPS request is being made. Adding certificate verification is strongly advised. See: https://urllib3.readthedocs.io/en/latest/advanced-usage.html#ssl-warnings
  InsecureRequestWarning)
[2020-09-01 03:33:02,822] DEBUG    https://bbs.byr.cn:443 "GET /article/CivilServant/44789 HTTP/1.1" 200 None
/root/anaconda3/lib/python3.7/site-packages/urllib3/connectionpool.py:857: InsecureRequestWarning: Unverified HTTPS request is being made. Adding certificate verification is strongly advised. See: https://urllib3.readthedocs.io/en/latest/advanced-usage.html#ssl-warnings
  InsecureRequestWarning)
[2020-09-01 03:33:03,678] DEBUG    https://bbs.byr.cn:443 "GET /article/Constellations/326533 HTTP/1.1" 200 None
/root/anaconda3/lib/python3.7/site-packages/urllib3/connectionpool.py:857: InsecureRequestWarning: Unverified HTTPS request is being made. Adding certificate verification is strongly advised. See: https://urllib3.readthedocs.io/en/latest/advanced-usage.html#ssl-warnings
  InsecureRequestWarning)
[2020-09-01 03:33:03,773] DEBUG    https://bbs.byr.cn:443 "GET /article/WorkLife/1152298 HTTP/1.1" 200 None
/root/anaconda3/lib/python3.7/site-packages/urllib3/connectionpool.py:857: InsecureRequestWarning: Unverified HTTPS request is being made. Adding certificate verification is strongly advised. See: https://urllib3.readthedocs.io/en/latest/advanced-usage.html#ssl-warnings
  InsecureRequestWarning)
[2020-09-01 03:33:03,839] DEBUG    https://bbs.byr.cn:443 "GET /article/Python/25266 HTTP/1.1" 200 None
/root/anaconda3/lib/python3.7/site-packages/urllib3/connectionpool.py:857: InsecureRequestWarning: Unverified HTTPS request is being made. Adding certificate verification is strongly advised. See: https://urllib3.readthedocs.io/en/latest/advanced-usage.html#ssl-warnings
  InsecureRequestWarning)
[2020-09-01 03:33:03,920] DEBUG    https://bbs.byr.cn:443 "GET /article/Feeling/3154285 HTTP/1.1" 200 None
/root/anaconda3/lib/python3.7/site-packages/urllib3/connectionpool.py:857: InsecureRequestWarning: Unverified HTTPS request is being made. Adding certificate verification is strongly advised. See: https://urllib3.readthedocs.io/en/latest/advanced-usage.html#ssl-warnings
  InsecureRequestWarning)
[2020-09-01 03:33:04,057] DEBUG    https://bbs.byr.cn:443 "GET /article/Job/2099373 HTTP/1.1" 200 None
/root/anaconda3/lib/python3.7/site-packages/urllib3/connectionpool.py:857: InsecureRequestWarning: Unverified HTTPS request is being made. Adding certificate verification is strongly advised. See: https://urllib3.readthedocs.io/en/latest/advanced-usage.html#ssl-warnings
  InsecureRequestWarning)
[2020-09-01 03:33:04,120] DEBUG    https://bbs.byr.cn:443 "GET /article/NorthEast/944618 HTTP/1.1" 200 None
