[2020-10-12 05:33:01,988] DEBUG    Starting new HTTPS connection (1): bbs.byr.cn:443
/root/anaconda3/lib/python3.7/site-packages/urllib3/connectionpool.py:857: InsecureRequestWarning: Unverified HTTPS request is being made. Adding certificate verification is strongly advised. See: https://urllib3.readthedocs.io/en/latest/advanced-usage.html#ssl-warnings
  InsecureRequestWarning)
[2020-10-12 05:33:02,093] DEBUG    https://bbs.byr.cn:443 "POST /user/ajax_login.json HTTP/1.1" 200 None
[2020-10-12 05:33:02,095] INFO     LOGIN_SUCC
/root/anaconda3/lib/python3.7/site-packages/urllib3/connectionpool.py:857: InsecureRequestWarning: Unverified HTTPS request is being made. Adding certificate verification is strongly advised. See: https://urllib3.readthedocs.io/en/latest/advanced-usage.html#ssl-warnings
  InsecureRequestWarning)
[2020-10-12 05:33:02,313] DEBUG    https://bbs.byr.cn:443 "GET /default?_uid=onchanging HTTP/1.1" 200 None
[2020-10-12 05:33:02,315] INFO     SPIDER_SUCC
[2020-10-12 05:33:02,324] INFO     PARSE_SUCC
/root/anaconda3/lib/python3.7/site-packages/urllib3/connectionpool.py:857: InsecureRequestWarning: Unverified HTTPS request is being made. Adding certificate verification is strongly advised. See: https://urllib3.readthedocs.io/en/latest/advanced-usage.html#ssl-warnings
  InsecureRequestWarning)
[2020-10-12 05:33:02,448] DEBUG    https://bbs.byr.cn:443 "GET /article/AimBUPT/106535 HTTP/1.1" 200 None
/root/anaconda3/lib/python3.7/site-packages/urllib3/connectionpool.py:857: InsecureRequestWarning: Unverified HTTPS request is being made. Adding certificate verification is strongly advised. See: https://urllib3.readthedocs.io/en/latest/advanced-usage.html#ssl-warnings
  InsecureRequestWarning)
[2020-10-12 05:33:02,567] DEBUG    https://bbs.byr.cn:443 "GET /article/Friends/1973355 HTTP/1.1" 200 None
/root/anaconda3/lib/python3.7/site-packages/urllib3/connectionpool.py:857: InsecureRequestWarning: Unverified HTTPS request is being made. Adding certificate verification is strongly advised. See: https://urllib3.readthedocs.io/en/latest/advanced-usage.html#ssl-warnings
  InsecureRequestWarning)
[2020-10-12 05:33:02,655] DEBUG    https://bbs.byr.cn:443 "GET /article/WorkLife/1154217 HTTP/1.1" 200 None
/root/anaconda3/lib/python3.7/site-packages/urllib3/connectionpool.py:857: InsecureRequestWarning: Unverified HTTPS request is being made. Adding certificate verification is strongly advised. See: https://urllib3.readthedocs.io/en/latest/advanced-usage.html#ssl-warnings
  InsecureRequestWarning)
[2020-10-12 05:33:02,829] DEBUG    https://bbs.byr.cn:443 "GET /article/Food/508130 HTTP/1.1" 200 None
/root/anaconda3/lib/python3.7/site-packages/urllib3/connectionpool.py:857: InsecureRequestWarning: Unverified HTTPS request is being made. Adding certificate verification is strongly advised. See: https://urllib3.readthedocs.io/en/latest/advanced-usage.html#ssl-warnings
  InsecureRequestWarning)
[2020-10-12 05:33:04,967] DEBUG    https://bbs.byr.cn:443 "GET /article/Constellations/326533 HTTP/1.1" 200 None
/root/anaconda3/lib/python3.7/site-packages/urllib3/connectionpool.py:857: InsecureRequestWarning: Unverified HTTPS request is being made. Adding certificate verification is strongly advised. See: https://urllib3.readthedocs.io/en/latest/advanced-usage.html#ssl-warnings
  InsecureRequestWarning)
[2020-10-12 05:33:05,065] DEBUG    https://bbs.byr.cn:443 "GET /article/Picture/3267618 HTTP/1.1" 200 None
/root/anaconda3/lib/python3.7/site-packages/urllib3/connectionpool.py:857: InsecureRequestWarning: Unverified HTTPS request is being made. Adding certificate verification is strongly advised. See: https://urllib3.readthedocs.io/en/latest/advanced-usage.html#ssl-warnings
  InsecureRequestWarning)
[2020-10-12 05:33:05,129] DEBUG    https://bbs.byr.cn:443 "GET /article/Talking/6231912 HTTP/1.1" 200 None
/root/anaconda3/lib/python3.7/site-packages/urllib3/connectionpool.py:857: InsecureRequestWarning: Unverified HTTPS request is being made. Adding certificate verification is strongly advised. See: https://urllib3.readthedocs.io/en/latest/advanced-usage.html#ssl-warnings
  InsecureRequestWarning)
[2020-10-12 05:33:05,487] DEBUG    https://bbs.byr.cn:443 "GET /article/Job/2104247 HTTP/1.1" 200 None
/root/anaconda3/lib/python3.7/site-packages/urllib3/connectionpool.py:857: InsecureRequestWarning: Unverified HTTPS request is being made. Adding certificate verification is strongly advised. See: https://urllib3.readthedocs.io/en/latest/advanced-usage.html#ssl-warnings
  InsecureRequestWarning)
[2020-10-12 05:33:05,586] DEBUG    https://bbs.byr.cn:443 "GET /article/Feeling/3157188 HTTP/1.1" 200 None
/root/anaconda3/lib/python3.7/site-packages/urllib3/connectionpool.py:857: InsecureRequestWarning: Unverified HTTPS request is being made. Adding certificate verification is strongly advised. See: https://urllib3.readthedocs.io/en/latest/advanced-usage.html#ssl-warnings
  InsecureRequestWarning)
[2020-10-12 05:33:05,727] DEBUG    https://bbs.byr.cn:443 "GET /article/GoAbroad/369594 HTTP/1.1" 200 None
