[2020-09-20 12:33:02,077] DEBUG    Starting new HTTPS connection (1): bbs.byr.cn:443
/root/anaconda3/lib/python3.7/site-packages/urllib3/connectionpool.py:857: InsecureRequestWarning: Unverified HTTPS request is being made. Adding certificate verification is strongly advised. See: https://urllib3.readthedocs.io/en/latest/advanced-usage.html#ssl-warnings
  InsecureRequestWarning)
[2020-09-20 12:33:02,233] DEBUG    https://bbs.byr.cn:443 "POST /user/ajax_login.json HTTP/1.1" 200 None
[2020-09-20 12:33:02,235] INFO     LOGIN_SUCC
/root/anaconda3/lib/python3.7/site-packages/urllib3/connectionpool.py:857: InsecureRequestWarning: Unverified HTTPS request is being made. Adding certificate verification is strongly advised. See: https://urllib3.readthedocs.io/en/latest/advanced-usage.html#ssl-warnings
  InsecureRequestWarning)
[2020-09-20 12:33:02,391] DEBUG    https://bbs.byr.cn:443 "GET /default?_uid=onchanging HTTP/1.1" 200 None
[2020-09-20 12:33:02,394] INFO     SPIDER_SUCC
[2020-09-20 12:33:02,400] INFO     PARSE_SUCC
/root/anaconda3/lib/python3.7/site-packages/urllib3/connectionpool.py:857: InsecureRequestWarning: Unverified HTTPS request is being made. Adding certificate verification is strongly advised. See: https://urllib3.readthedocs.io/en/latest/advanced-usage.html#ssl-warnings
  InsecureRequestWarning)
[2020-09-20 12:33:02,546] DEBUG    https://bbs.byr.cn:443 "GET /article/WorkLife/1153599 HTTP/1.1" 200 None
/root/anaconda3/lib/python3.7/site-packages/urllib3/connectionpool.py:857: InsecureRequestWarning: Unverified HTTPS request is being made. Adding certificate verification is strongly advised. See: https://urllib3.readthedocs.io/en/latest/advanced-usage.html#ssl-warnings
  InsecureRequestWarning)
[2020-09-20 12:33:02,687] DEBUG    https://bbs.byr.cn:443 "GET /article/Picture/3266235 HTTP/1.1" 200 None
/root/anaconda3/lib/python3.7/site-packages/urllib3/connectionpool.py:857: InsecureRequestWarning: Unverified HTTPS request is being made. Adding certificate verification is strongly advised. See: https://urllib3.readthedocs.io/en/latest/advanced-usage.html#ssl-warnings
  InsecureRequestWarning)
[2020-09-20 12:33:02,847] DEBUG    https://bbs.byr.cn:443 "GET /article/Talking/6226500 HTTP/1.1" 200 None
/root/anaconda3/lib/python3.7/site-packages/urllib3/connectionpool.py:857: InsecureRequestWarning: Unverified HTTPS request is being made. Adding certificate verification is strongly advised. See: https://urllib3.readthedocs.io/en/latest/advanced-usage.html#ssl-warnings
  InsecureRequestWarning)
[2020-09-20 12:33:02,944] DEBUG    https://bbs.byr.cn:443 "GET /article/Food/507294 HTTP/1.1" 200 None
/root/anaconda3/lib/python3.7/site-packages/urllib3/connectionpool.py:857: InsecureRequestWarning: Unverified HTTPS request is being made. Adding certificate verification is strongly advised. See: https://urllib3.readthedocs.io/en/latest/advanced-usage.html#ssl-warnings
  InsecureRequestWarning)
[2020-09-20 12:33:03,130] DEBUG    https://bbs.byr.cn:443 "GET /article/CivilServant/44909 HTTP/1.1" 200 None
/root/anaconda3/lib/python3.7/site-packages/urllib3/connectionpool.py:857: InsecureRequestWarning: Unverified HTTPS request is being made. Adding certificate verification is strongly advised. See: https://urllib3.readthedocs.io/en/latest/advanced-usage.html#ssl-warnings
  InsecureRequestWarning)
[2020-09-20 12:33:03,293] DEBUG    https://bbs.byr.cn:443 "GET /article/AimGraduate/1196108 HTTP/1.1" 200 None
/root/anaconda3/lib/python3.7/site-packages/urllib3/connectionpool.py:857: InsecureRequestWarning: Unverified HTTPS request is being made. Adding certificate verification is strongly advised. See: https://urllib3.readthedocs.io/en/latest/advanced-usage.html#ssl-warnings
  InsecureRequestWarning)
[2020-09-20 12:33:06,011] DEBUG    https://bbs.byr.cn:443 "GET /article/Constellations/326533 HTTP/1.1" 200 None
/root/anaconda3/lib/python3.7/site-packages/urllib3/connectionpool.py:857: InsecureRequestWarning: Unverified HTTPS request is being made. Adding certificate verification is strongly advised. See: https://urllib3.readthedocs.io/en/latest/advanced-usage.html#ssl-warnings
  InsecureRequestWarning)
[2020-09-20 12:33:06,090] DEBUG    https://bbs.byr.cn:443 "GET /article/Job/2102096 HTTP/1.1" 200 None
/root/anaconda3/lib/python3.7/site-packages/urllib3/connectionpool.py:857: InsecureRequestWarning: Unverified HTTPS request is being made. Adding certificate verification is strongly advised. See: https://urllib3.readthedocs.io/en/latest/advanced-usage.html#ssl-warnings
  InsecureRequestWarning)
[2020-09-20 12:33:06,262] DEBUG    https://bbs.byr.cn:443 "GET /article/Music/342116 HTTP/1.1" 200 None
/root/anaconda3/lib/python3.7/site-packages/urllib3/connectionpool.py:857: InsecureRequestWarning: Unverified HTTPS request is being made. Adding certificate verification is strongly advised. See: https://urllib3.readthedocs.io/en/latest/advanced-usage.html#ssl-warnings
  InsecureRequestWarning)
[2020-09-20 12:33:06,950] DEBUG    https://bbs.byr.cn:443 "GET /article/Swim/127831 HTTP/1.1" 200 None
