[2020-09-06 13:33:02,039] DEBUG    Starting new HTTPS connection (1): bbs.byr.cn:443
/root/anaconda3/lib/python3.7/site-packages/urllib3/connectionpool.py:857: InsecureRequestWarning: Unverified HTTPS request is being made. Adding certificate verification is strongly advised. See: https://urllib3.readthedocs.io/en/latest/advanced-usage.html#ssl-warnings
  InsecureRequestWarning)
[2020-09-06 13:33:02,178] DEBUG    https://bbs.byr.cn:443 "POST /user/ajax_login.json HTTP/1.1" 200 None
[2020-09-06 13:33:02,179] INFO     LOGIN_SUCC
/root/anaconda3/lib/python3.7/site-packages/urllib3/connectionpool.py:857: InsecureRequestWarning: Unverified HTTPS request is being made. Adding certificate verification is strongly advised. See: https://urllib3.readthedocs.io/en/latest/advanced-usage.html#ssl-warnings
  InsecureRequestWarning)
[2020-09-06 13:33:02,400] DEBUG    https://bbs.byr.cn:443 "GET /default?_uid=onchanging HTTP/1.1" 200 None
[2020-09-06 13:33:02,402] INFO     SPIDER_SUCC
[2020-09-06 13:33:02,409] INFO     PARSE_SUCC
/root/anaconda3/lib/python3.7/site-packages/urllib3/connectionpool.py:857: InsecureRequestWarning: Unverified HTTPS request is being made. Adding certificate verification is strongly advised. See: https://urllib3.readthedocs.io/en/latest/advanced-usage.html#ssl-warnings
  InsecureRequestWarning)
[2020-09-06 13:33:02,550] DEBUG    https://bbs.byr.cn:443 "GET /article/Talking/6220006 HTTP/1.1" 200 None
/root/anaconda3/lib/python3.7/site-packages/urllib3/connectionpool.py:857: InsecureRequestWarning: Unverified HTTPS request is being made. Adding certificate verification is strongly advised. See: https://urllib3.readthedocs.io/en/latest/advanced-usage.html#ssl-warnings
  InsecureRequestWarning)
[2020-09-06 13:33:02,650] DEBUG    https://bbs.byr.cn:443 "GET /article/Job/2100517 HTTP/1.1" 200 None
/root/anaconda3/lib/python3.7/site-packages/urllib3/connectionpool.py:857: InsecureRequestWarning: Unverified HTTPS request is being made. Adding certificate verification is strongly advised. See: https://urllib3.readthedocs.io/en/latest/advanced-usage.html#ssl-warnings
  InsecureRequestWarning)
[2020-09-06 13:33:02,798] DEBUG    https://bbs.byr.cn:443 "GET /article/Picture/3261804 HTTP/1.1" 200 None
/root/anaconda3/lib/python3.7/site-packages/urllib3/connectionpool.py:857: InsecureRequestWarning: Unverified HTTPS request is being made. Adding certificate verification is strongly advised. See: https://urllib3.readthedocs.io/en/latest/advanced-usage.html#ssl-warnings
  InsecureRequestWarning)
[2020-09-06 13:33:02,922] DEBUG    https://bbs.byr.cn:443 "GET /article/Feeling/3154514 HTTP/1.1" 200 None
/root/anaconda3/lib/python3.7/site-packages/urllib3/connectionpool.py:857: InsecureRequestWarning: Unverified HTTPS request is being made. Adding certificate verification is strongly advised. See: https://urllib3.readthedocs.io/en/latest/advanced-usage.html#ssl-warnings
  InsecureRequestWarning)
[2020-09-06 13:33:03,030] DEBUG    https://bbs.byr.cn:443 "GET /article/Swim/127831 HTTP/1.1" 200 None
/root/anaconda3/lib/python3.7/site-packages/urllib3/connectionpool.py:857: InsecureRequestWarning: Unverified HTTPS request is being made. Adding certificate verification is strongly advised. See: https://urllib3.readthedocs.io/en/latest/advanced-usage.html#ssl-warnings
  InsecureRequestWarning)
[2020-09-06 13:33:03,107] DEBUG    https://bbs.byr.cn:443 "GET /article/WorkLife/1148175 HTTP/1.1" 200 None
/root/anaconda3/lib/python3.7/site-packages/urllib3/connectionpool.py:857: InsecureRequestWarning: Unverified HTTPS request is being made. Adding certificate verification is strongly advised. See: https://urllib3.readthedocs.io/en/latest/advanced-usage.html#ssl-warnings
  InsecureRequestWarning)
[2020-09-06 13:33:03,218] DEBUG    https://bbs.byr.cn:443 "GET /article/Henan/389215 HTTP/1.1" 200 None
/root/anaconda3/lib/python3.7/site-packages/urllib3/connectionpool.py:857: InsecureRequestWarning: Unverified HTTPS request is being made. Adding certificate verification is strongly advised. See: https://urllib3.readthedocs.io/en/latest/advanced-usage.html#ssl-warnings
  InsecureRequestWarning)
[2020-09-06 13:33:03,284] DEBUG    https://bbs.byr.cn:443 "GET /article/Java/64390 HTTP/1.1" 200 None
/root/anaconda3/lib/python3.7/site-packages/urllib3/connectionpool.py:857: InsecureRequestWarning: Unverified HTTPS request is being made. Adding certificate verification is strongly advised. See: https://urllib3.readthedocs.io/en/latest/advanced-usage.html#ssl-warnings
  InsecureRequestWarning)
[2020-09-06 13:33:04,970] DEBUG    https://bbs.byr.cn:443 "GET /article/Constellations/326533 HTTP/1.1" 200 None
/root/anaconda3/lib/python3.7/site-packages/urllib3/connectionpool.py:857: InsecureRequestWarning: Unverified HTTPS request is being made. Adding certificate verification is strongly advised. See: https://urllib3.readthedocs.io/en/latest/advanced-usage.html#ssl-warnings
  InsecureRequestWarning)
[2020-09-06 13:33:05,052] DEBUG    https://bbs.byr.cn:443 "GET /article/Security/43618 HTTP/1.1" 200 None
