[2020-10-12 14:33:02,500] DEBUG    Starting new HTTPS connection (1): bbs.byr.cn:443
/root/anaconda3/lib/python3.7/site-packages/urllib3/connectionpool.py:857: InsecureRequestWarning: Unverified HTTPS request is being made. Adding certificate verification is strongly advised. See: https://urllib3.readthedocs.io/en/latest/advanced-usage.html#ssl-warnings
  InsecureRequestWarning)
[2020-10-12 14:33:02,638] DEBUG    https://bbs.byr.cn:443 "POST /user/ajax_login.json HTTP/1.1" 200 None
[2020-10-12 14:33:02,639] INFO     LOGIN_SUCC
/root/anaconda3/lib/python3.7/site-packages/urllib3/connectionpool.py:857: InsecureRequestWarning: Unverified HTTPS request is being made. Adding certificate verification is strongly advised. See: https://urllib3.readthedocs.io/en/latest/advanced-usage.html#ssl-warnings
  InsecureRequestWarning)
[2020-10-12 14:33:02,853] DEBUG    https://bbs.byr.cn:443 "GET /default?_uid=onchanging HTTP/1.1" 200 None
[2020-10-12 14:33:02,856] INFO     SPIDER_SUCC
[2020-10-12 14:33:02,865] INFO     PARSE_SUCC
/root/anaconda3/lib/python3.7/site-packages/urllib3/connectionpool.py:857: InsecureRequestWarning: Unverified HTTPS request is being made. Adding certificate verification is strongly advised. See: https://urllib3.readthedocs.io/en/latest/advanced-usage.html#ssl-warnings
  InsecureRequestWarning)
[2020-10-12 14:33:02,977] DEBUG    https://bbs.byr.cn:443 "GET /article/Talking/6231920 HTTP/1.1" 200 None
/root/anaconda3/lib/python3.7/site-packages/urllib3/connectionpool.py:857: InsecureRequestWarning: Unverified HTTPS request is being made. Adding certificate verification is strongly advised. See: https://urllib3.readthedocs.io/en/latest/advanced-usage.html#ssl-warnings
  InsecureRequestWarning)
[2020-10-12 14:33:03,055] DEBUG    https://bbs.byr.cn:443 "GET /article/Job/2104690 HTTP/1.1" 200 None
/root/anaconda3/lib/python3.7/site-packages/urllib3/connectionpool.py:857: InsecureRequestWarning: Unverified HTTPS request is being made. Adding certificate verification is strongly advised. See: https://urllib3.readthedocs.io/en/latest/advanced-usage.html#ssl-warnings
  InsecureRequestWarning)
[2020-10-12 14:33:03,227] DEBUG    https://bbs.byr.cn:443 "GET /article/Food/508130 HTTP/1.1" 200 None
/root/anaconda3/lib/python3.7/site-packages/urllib3/connectionpool.py:857: InsecureRequestWarning: Unverified HTTPS request is being made. Adding certificate verification is strongly advised. See: https://urllib3.readthedocs.io/en/latest/advanced-usage.html#ssl-warnings
  InsecureRequestWarning)
[2020-10-12 14:33:03,304] DEBUG    https://bbs.byr.cn:443 "GET /article/Friends/1973355 HTTP/1.1" 200 None
/root/anaconda3/lib/python3.7/site-packages/urllib3/connectionpool.py:857: InsecureRequestWarning: Unverified HTTPS request is being made. Adding certificate verification is strongly advised. See: https://urllib3.readthedocs.io/en/latest/advanced-usage.html#ssl-warnings
  InsecureRequestWarning)
[2020-10-12 14:33:03,522] DEBUG    https://bbs.byr.cn:443 "GET /article/Picture/3267618 HTTP/1.1" 200 None
/root/anaconda3/lib/python3.7/site-packages/urllib3/connectionpool.py:857: InsecureRequestWarning: Unverified HTTPS request is being made. Adding certificate verification is strongly advised. See: https://urllib3.readthedocs.io/en/latest/advanced-usage.html#ssl-warnings
  InsecureRequestWarning)
[2020-10-12 14:33:03,744] DEBUG    https://bbs.byr.cn:443 "GET /article/Feeling/3157188 HTTP/1.1" 200 None
/root/anaconda3/lib/python3.7/site-packages/urllib3/connectionpool.py:857: InsecureRequestWarning: Unverified HTTPS request is being made. Adding certificate verification is strongly advised. See: https://urllib3.readthedocs.io/en/latest/advanced-usage.html#ssl-warnings
  InsecureRequestWarning)
[2020-10-12 14:33:03,842] DEBUG    https://bbs.byr.cn:443 "GET /article/AimGraduate/1198233 HTTP/1.1" 200 None
/root/anaconda3/lib/python3.7/site-packages/urllib3/connectionpool.py:857: InsecureRequestWarning: Unverified HTTPS request is being made. Adding certificate verification is strongly advised. See: https://urllib3.readthedocs.io/en/latest/advanced-usage.html#ssl-warnings
  InsecureRequestWarning)
[2020-10-12 14:33:06,020] DEBUG    https://bbs.byr.cn:443 "GET /article/Constellations/326533 HTTP/1.1" 200 None
/root/anaconda3/lib/python3.7/site-packages/urllib3/connectionpool.py:857: InsecureRequestWarning: Unverified HTTPS request is being made. Adding certificate verification is strongly advised. See: https://urllib3.readthedocs.io/en/latest/advanced-usage.html#ssl-warnings
  InsecureRequestWarning)
[2020-10-12 14:33:06,482] DEBUG    https://bbs.byr.cn:443 "GET /article/AimBUPT/106535 HTTP/1.1" 200 None
/root/anaconda3/lib/python3.7/site-packages/urllib3/connectionpool.py:857: InsecureRequestWarning: Unverified HTTPS request is being made. Adding certificate verification is strongly advised. See: https://urllib3.readthedocs.io/en/latest/advanced-usage.html#ssl-warnings
  InsecureRequestWarning)
[2020-10-12 14:33:06,618] DEBUG    https://bbs.byr.cn:443 "GET /article/StudyShare/198730 HTTP/1.1" 200 None
